2024-01-01 18:57:02.731 [info] Log level: Info
2024-01-01 18:57:02.731 [info] Validating found git in: "git"
2024-01-01 18:57:02.731 [info] Using git "2.25.1" from "git"
2024-01-01 18:57:02.731 [info] > git rev-parse --show-toplevel [26ms]
2024-01-01 18:57:02.731 [info] fatal: not a git repository (or any of the parent directories): .git
2024-01-01 18:57:02.731 [info] > git rev-parse --show-toplevel [1ms]
2024-01-01 18:57:02.731 [info] fatal: not a git repository (or any of the parent directories): .git
2024-01-01 18:57:02.731 [info] > git rev-parse --show-toplevel [3ms]
2024-01-01 18:57:02.731 [info] fatal: not a git repository (or any of the parent directories): .git
2024-01-01 18:57:02.732 [info] > git rev-parse --show-toplevel [1ms]
2024-01-01 18:57:02.732 [info] fatal: not a git repository (or any of the parent directories): .git
2024-01-01 19:08:17.023 [info] > git rev-parse --show-toplevel [1ms]
2024-01-01 19:08:17.023 [info] fatal: not a git repository (or any of the parent directories): .git
2024-01-01 20:12:30.357 [info] > git rev-parse --show-toplevel [1ms]
2024-01-01 20:12:30.357 [info] fatal: not a git repository (or any of the parent directories): .git
2024-01-01 20:18:32.351 [info] > git rev-parse --show-toplevel [1ms]
2024-01-01 20:18:32.356 [info] > git rev-parse --git-dir --git-common-dir [0ms]
2024-01-01 20:18:32.366 [info] Open repository: /home/max
2024-01-01 20:18:32.377 [info] No remotes found in the git config file.
2024-01-01 20:18:32.378 [info] > git for-each-ref --format=%(refname)%00%(upstream:short)%00%(objectname)%00%(upstream:track)%00%(upstream:remotename)%00%(upstream:remoteref) refs/heads/master refs/remotes/master [1ms]
2024-01-01 20:18:32.379 [info] > git config --get commit.template [6ms]
2024-01-01 20:18:32.391 [info] > git status -z -uall [8ms]
2024-01-01 20:18:32.444 [info] No remotes found in the git config file.
2024-01-01 20:18:32.444 [info] > git for-each-ref --format=%(refname)%00%(upstream:short)%00%(objectname)%00%(upstream:track)%00%(upstream:remotename)%00%(upstream:remoteref) refs/heads/master refs/remotes/master [1ms]
2024-01-01 20:18:32.445 [info] > git config --get commit.template [5ms]
2024-01-01 20:18:32.455 [info] > git status -z -uall [7ms]
2024-01-01 20:18:32.767 [info] > git show --textconv :dom15_BD.backup.sql [5ms]
2024-01-01 20:18:32.768 [info] > git ls-files --stage -- /home/max/dom15_BD.backup.sql [1ms]
2024-01-01 20:18:32.956 [info] > git check-ignore -v -z --stdin [0ms]
2024-01-01 20:18:35.868 [info] No remotes found in the git config file.
2024-01-01 20:18:35.869 [info] > git config --get commit.template [6ms]
2024-01-01 20:18:35.869 [info] > git for-each-ref --format=%(refname)%00%(upstream:short)%00%(objectname)%00%(upstream:track)%00%(upstream:remotename)%00%(upstream:remoteref) refs/heads/master refs/remotes/master [1ms]
2024-01-01 20:18:35.879 [info] > git status -z -uall [6ms]
2024-01-01 20:20:40.342 [info] No remotes found in the git config file.
2024-01-01 20:20:40.342 [info] > git config --get commit.template [5ms]
2024-01-01 20:20:40.343 [info] > git for-each-ref --format=%(refname)%00%(upstream:short)%00%(objectname)%00%(upstream:track)%00%(upstream:remotename)%00%(upstream:remoteref) refs/heads/master refs/remotes/master [2ms]
2024-01-01 20:20:40.354 [info] > git status -z -uall [8ms]
2024-01-01 20:20:45.387 [info] No remotes found in the git config file.
2024-01-01 20:20:45.387 [info] > git config --get commit.template [5ms]
2024-01-01 20:20:45.388 [info] > git for-each-ref --format=%(refname)%00%(upstream:short)%00%(objectname)%00%(upstream:track)%00%(upstream:remotename)%00%(upstream:remoteref) refs/heads/master refs/remotes/master [1ms]
2024-01-01 20:20:45.398 [info] > git status -z -uall [7ms]
2024-01-01 20:20:52.844 [info] No remotes found in the git config file.
2024-01-01 20:20:52.845 [info] > git config --get commit.template [5ms]
2024-01-01 20:20:52.845 [info] > git for-each-ref --format=%(refname)%00%(upstream:short)%00%(objectname)%00%(upstream:track)%00%(upstream:remotename)%00%(upstream:remoteref) refs/heads/master refs/remotes/master [2ms]
2024-01-01 20:20:52.855 [info] > git status -z -uall [6ms]
2024-01-01 20:21:04.166 [info] No remotes found in the git config file.
2024-01-01 20:21:04.167 [info] > git config --get commit.template [5ms]
2024-01-01 20:21:04.168 [info] > git for-each-ref --format=%(refname)%00%(upstream:short)%00%(objectname)%00%(upstream:track)%00%(upstream:remotename)%00%(upstream:remoteref) refs/heads/master refs/remotes/master [1ms]
2024-01-01 20:21:04.177 [info] > git status -z -uall [6ms]
2024-01-01 20:21:09.209 [info] No remotes found in the git config file.
2024-01-01 20:21:09.210 [info] > git config --get commit.template [5ms]
2024-01-01 20:21:09.210 [info] > git for-each-ref --format=%(refname)%00%(upstream:short)%00%(objectname)%00%(upstream:track)%00%(upstream:remotename)%00%(upstream:remoteref) refs/heads/master refs/remotes/master [1ms]
2024-01-01 20:21:09.220 [info] > git status -z -uall [6ms]
2024-01-01 20:21:14.250 [info] No remotes found in the git config file.
2024-01-01 20:21:14.251 [info] > git config --get commit.template [6ms]
2024-01-01 20:21:14.252 [info] > git for-each-ref --format=%(refname)%00%(upstream:short)%00%(objectname)%00%(upstream:track)%00%(upstream:remotename)%00%(upstream:remoteref) refs/heads/master refs/remotes/master [2ms]
2024-01-01 20:21:14.262 [info] > git status -z -uall [6ms]
2024-01-01 20:21:15.794 [info] > git check-ignore -v -z --stdin [2ms]
2024-01-01 20:21:23.774 [info] No remotes found in the git config file.
2024-01-01 20:21:23.775 [info] > git config --get commit.template [7ms]
2024-01-01 20:21:23.775 [info] > git for-each-ref --format=%(refname)%00%(upstream:short)%00%(objectname)%00%(upstream:track)%00%(upstream:remotename)%00%(upstream:remoteref) refs/heads/master refs/remotes/master [2ms]
2024-01-01 20:21:23.786 [info] > git status -z -uall [6ms]
2024-01-01 20:21:28.815 [info] No remotes found in the git config file.
2024-01-01 20:21:28.816 [info] > git config --get commit.template [5ms]
2024-01-01 20:21:28.816 [info] > git for-each-ref --format=%(refname)%00%(upstream:short)%00%(objectname)%00%(upstream:track)%00%(upstream:remotename)%00%(upstream:remoteref) refs/heads/master refs/remotes/master [1ms]
2024-01-01 20:21:28.825 [info] > git status -z -uall [6ms]
2024-01-01 20:21:33.854 [info] > git config --get commit.template [1ms]
2024-01-01 20:21:33.859 [info] No remotes found in the git config file.
2024-01-01 20:21:33.859 [info] > git for-each-ref --format=%(refname)%00%(upstream:short)%00%(objectname)%00%(upstream:track)%00%(upstream:remotename)%00%(upstream:remoteref) refs/heads/master refs/remotes/master [0ms]
2024-01-01 20:21:33.870 [info] > git status -z -uall [5ms]
2024-01-01 20:22:00.869 [info] No remotes found in the git config file.
2024-01-01 20:22:00.870 [info] > git config --get commit.template [6ms]
2024-01-01 20:22:00.870 [info] > git for-each-ref --format=%(refname)%00%(upstream:short)%00%(objectname)%00%(upstream:track)%00%(upstream:remotename)%00%(upstream:remoteref) refs/heads/master refs/remotes/master [1ms]
2024-01-01 20:22:00.881 [info] > git status -z -uall [6ms]
2024-01-01 20:22:05.906 [info] No remotes found in the git config file.
2024-01-01 20:22:05.906 [info] > git config --get commit.template [5ms]
2024-01-01 20:22:05.906 [info] > git for-each-ref --format=%(refname)%00%(upstream:short)%00%(objectname)%00%(upstream:track)%00%(upstream:remotename)%00%(upstream:remoteref) refs/heads/master refs/remotes/master [1ms]
2024-01-01 20:22:05.916 [info] > git status -z -uall [6ms]
2024-01-01 20:22:10.949 [info] No remotes found in the git config file.
2024-01-01 20:22:10.949 [info] > git config --get commit.template [5ms]
2024-01-01 20:22:10.950 [info] > git for-each-ref --format=%(refname)%00%(upstream:short)%00%(objectname)%00%(upstream:track)%00%(upstream:remotename)%00%(upstream:remoteref) refs/heads/master refs/remotes/master [2ms]
2024-01-01 20:22:10.959 [info] > git status -z -uall [6ms]
2024-01-01 20:22:15.985 [info] No remotes found in the git config file.
2024-01-01 20:22:15.985 [info] > git config --get commit.template [5ms]
2024-01-01 20:22:15.986 [info] > git for-each-ref --format=%(refname)%00%(upstream:short)%00%(objectname)%00%(upstream:track)%00%(upstream:remotename)%00%(upstream:remoteref) refs/heads/master refs/remotes/master [1ms]
2024-01-01 20:22:15.995 [info] > git status -z -uall [6ms]
2024-01-01 20:22:23.960 [info] No remotes found in the git config file.
2024-01-01 20:22:23.960 [info] > git config --get commit.template [6ms]
2024-01-01 20:22:23.961 [info] > git for-each-ref --format=%(refname)%00%(upstream:short)%00%(objectname)%00%(upstream:track)%00%(upstream:remotename)%00%(upstream:remoteref) refs/heads/master refs/remotes/master [2ms]
2024-01-01 20:22:23.972 [info] > git status -z -uall [7ms]
2024-01-01 20:22:29.001 [info] No remotes found in the git config file.
2024-01-01 20:22:29.001 [info] > git config --get commit.template [6ms]
2024-01-01 20:22:29.002 [info] > git for-each-ref --format=%(refname)%00%(upstream:short)%00%(objectname)%00%(upstream:track)%00%(upstream:remotename)%00%(upstream:remoteref) refs/heads/master refs/remotes/master [1ms]
2024-01-01 20:22:29.014 [info] > git status -z -uall [9ms]
2024-01-01 20:23:33.917 [info] No remotes found in the git config file.
2024-01-01 20:23:33.918 [info] > git config --get commit.template [6ms]
2024-01-01 20:23:33.920 [info] > git for-each-ref --format=%(refname)%00%(upstream:short)%00%(objectname)%00%(upstream:track)%00%(upstream:remotename)%00%(upstream:remoteref) refs/heads/master refs/remotes/master [3ms]
2024-01-01 20:23:33.933 [info] > git status -z -uall [8ms]
2024-01-01 20:23:38.959 [info] No remotes found in the git config file.
2024-01-01 20:23:38.959 [info] > git config --get commit.template [5ms]
2024-01-01 20:23:38.960 [info] > git for-each-ref --format=%(refname)%00%(upstream:short)%00%(objectname)%00%(upstream:track)%00%(upstream:remotename)%00%(upstream:remoteref) refs/heads/master refs/remotes/master [1ms]
2024-01-01 20:23:38.969 [info] > git status -z -uall [6ms]
2024-01-01 20:23:40.320 [info] > git ls-files --stage -- /home/max/dom15_BD.backup.sql [1ms]
2024-01-01 20:23:40.367 [info] > git show --textconv :dom15_BD.backup.sql [1ms]
2024-01-01 20:23:43.996 [info] No remotes found in the git config file.
2024-01-01 20:23:43.997 [info] > git for-each-ref --format=%(refname)%00%(upstream:short)%00%(objectname)%00%(upstream:track)%00%(upstream:remotename)%00%(upstream:remoteref) refs/heads/master refs/remotes/master [1ms]
2024-01-01 20:23:43.997 [info] > git config --get commit.template [6ms]
2024-01-01 20:23:44.008 [info] > git status -z -uall [6ms]
2024-01-01 20:23:49.035 [info] No remotes found in the git config file.
2024-01-01 20:23:49.036 [info] > git config --get commit.template [5ms]
2024-01-01 20:23:49.036 [info] > git for-each-ref --format=%(refname)%00%(upstream:short)%00%(objectname)%00%(upstream:track)%00%(upstream:remotename)%00%(upstream:remoteref) refs/heads/master refs/remotes/master [1ms]
2024-01-01 20:23:49.048 [info] > git status -z -uall [7ms]
2024-01-01 20:23:54.075 [info] No remotes found in the git config file.
2024-01-01 20:23:54.076 [info] > git for-each-ref --format=%(refname)%00%(upstream:short)%00%(objectname)%00%(upstream:track)%00%(upstream:remotename)%00%(upstream:remoteref) refs/heads/master refs/remotes/master [1ms]
2024-01-01 20:23:54.076 [info] > git config --get commit.template [6ms]
2024-01-01 20:23:54.086 [info] > git status -z -uall [6ms]
2024-01-01 20:24:00.214 [info] No remotes found in the git config file.
2024-01-01 20:24:00.215 [info] > git config --get commit.template [5ms]
2024-01-01 20:24:00.215 [info] > git for-each-ref --format=%(refname)%00%(upstream:short)%00%(objectname)%00%(upstream:track)%00%(upstream:remotename)%00%(upstream:remoteref) refs/heads/master refs/remotes/master [1ms]
2024-01-01 20:24:00.225 [info] > git status -z -uall [6ms]
2024-01-01 20:24:05.250 [info] No remotes found in the git config file.
2024-01-01 20:24:05.251 [info] > git config --get commit.template [6ms]
2024-01-01 20:24:05.251 [info] > git for-each-ref --format=%(refname)%00%(upstream:short)%00%(objectname)%00%(upstream:track)%00%(upstream:remotename)%00%(upstream:remoteref) refs/heads/master refs/remotes/master [1ms]
2024-01-01 20:24:05.261 [info] > git status -z -uall [6ms]
2024-01-01 20:24:06.089 [info] > git ls-files --stage -- /home/max/dom15_BD.backup.sql [1ms]
2024-01-01 20:24:06.095 [info] > git cat-file -s da868cf5712c5a0f762307d33696897cd3d2bc62 [1ms]
2024-01-01 20:24:06.143 [info] > git show --textconv :dom15_BD.backup.sql [1ms]
2024-01-01 20:24:10.289 [info] No remotes found in the git config file.
2024-01-01 20:24:10.290 [info] > git config --get commit.template [6ms]
2024-01-01 20:24:10.290 [info] > git for-each-ref --format=%(refname)%00%(upstream:short)%00%(objectname)%00%(upstream:track)%00%(upstream:remotename)%00%(upstream:remoteref) refs/heads/master refs/remotes/master [1ms]
2024-01-01 20:24:10.300 [info] > git status -z -uall [6ms]
2024-01-01 20:24:16.283 [info] No remotes found in the git config file.
2024-01-01 20:24:16.284 [info] > git config --get commit.template [7ms]
2024-01-01 20:24:16.284 [info] > git for-each-ref --format=%(refname)%00%(upstream:short)%00%(objectname)%00%(upstream:track)%00%(upstream:remotename)%00%(upstream:remoteref) refs/heads/master refs/remotes/master [1ms]
2024-01-01 20:24:16.298 [info] > git status -z -uall [8ms]
2024-01-01 20:24:21.329 [info] No remotes found in the git config file.
2024-01-01 20:24:21.330 [info] > git config --get commit.template [6ms]
2024-01-01 20:24:21.330 [info] > git for-each-ref --format=%(refname)%00%(upstream:short)%00%(objectname)%00%(upstream:track)%00%(upstream:remotename)%00%(upstream:remoteref) refs/heads/master refs/remotes/master [1ms]
2024-01-01 20:24:21.341 [info] > git status -z -uall [7ms]
2024-01-01 20:24:26.368 [info] No remotes found in the git config file.
2024-01-01 20:24:26.369 [info] > git config --get commit.template [5ms]
2024-01-01 20:24:26.369 [info] > git for-each-ref --format=%(refname)%00%(upstream:short)%00%(objectname)%00%(upstream:track)%00%(upstream:remotename)%00%(upstream:remoteref) refs/heads/master refs/remotes/master [1ms]
2024-01-01 20:24:26.379 [info] > git status -z -uall [6ms]
2024-01-01 20:24:28.587 [info] > git ls-files --stage -- /home/max/dom15_BD.backup.sql [1ms]
2024-01-01 20:24:28.593 [info] > git cat-file -s da868cf5712c5a0f762307d33696897cd3d2bc62 [1ms]
2024-01-01 20:24:28.639 [info] > git show --textconv :dom15_BD.backup.sql [1ms]
2024-01-01 20:24:37.535 [info] No remotes found in the git config file.
2024-01-01 20:24:37.535 [info] > git config --get commit.template [5ms]
2024-01-01 20:24:37.536 [info] > git for-each-ref --format=%(refname)%00%(upstream:short)%00%(objectname)%00%(upstream:track)%00%(upstream:remotename)%00%(upstream:remoteref) refs/heads/master refs/remotes/master [1ms]
2024-01-01 20:24:37.547 [info] > git status -z -uall [6ms]
2024-01-01 20:24:57.376 [info] No remotes found in the git config file.
2024-01-01 20:24:57.377 [info] > git config --get commit.template [6ms]
2024-01-01 20:24:57.377 [info] > git for-each-ref --format=%(refname)%00%(upstream:short)%00%(objectname)%00%(upstream:track)%00%(upstream:remotename)%00%(upstream:remoteref) refs/heads/master refs/remotes/master [1ms]
2024-01-01 20:24:57.387 [info] > git status -z -uall [6ms]
2024-01-01 20:25:02.417 [info] No remotes found in the git config file.
2024-01-01 20:25:02.417 [info] > git config --get commit.template [5ms]
2024-01-01 20:25:02.418 [info] > git for-each-ref --format=%(refname)%00%(upstream:short)%00%(objectname)%00%(upstream:track)%00%(upstream:remotename)%00%(upstream:remoteref) refs/heads/master refs/remotes/master [0ms]
2024-01-01 20:25:02.427 [info] > git status -z -uall [6ms]
2024-01-01 20:26:07.946 [info] No remotes found in the git config file.
2024-01-01 20:26:07.947 [info] > git config --get commit.template [5ms]
2024-01-01 20:26:07.947 [info] > git for-each-ref --format=%(refname)%00%(upstream:short)%00%(objectname)%00%(upstream:track)%00%(upstream:remotename)%00%(upstream:remoteref) refs/heads/master refs/remotes/master [1ms]
2024-01-01 20:26:07.958 [info] > git status -z -uall [7ms]
2024-01-01 20:26:12.985 [info] No remotes found in the git config file.
2024-01-01 20:26:12.986 [info] > git config --get commit.template [5ms]
2024-01-01 20:26:12.986 [info] > git for-each-ref --format=%(refname)%00%(upstream:short)%00%(objectname)%00%(upstream:track)%00%(upstream:remotename)%00%(upstream:remoteref) refs/heads/master refs/remotes/master [1ms]
2024-01-01 20:26:12.997 [info] > git status -z -uall [7ms]
2024-01-01 20:26:18.022 [info] No remotes found in the git config file.
2024-01-01 20:26:18.026 [info] > git config --get commit.template [5ms]
2024-01-01 20:26:18.027 [info] > git for-each-ref --format=%(refname)%00%(upstream:short)%00%(objectname)%00%(upstream:track)%00%(upstream:remotename)%00%(upstream:remoteref) refs/heads/master refs/remotes/master [1ms]
2024-01-01 20:26:18.037 [info] > git status -z -uall [6ms]
2024-01-01 20:26:23.067 [info] No remotes found in the git config file.
2024-01-01 20:26:23.068 [info] > git config --get commit.template [5ms]
2024-01-01 20:26:23.068 [info] > git for-each-ref --format=%(refname)%00%(upstream:short)%00%(objectname)%00%(upstream:track)%00%(upstream:remotename)%00%(upstream:remoteref) refs/heads/master refs/remotes/master [1ms]
2024-01-01 20:26:23.078 [info] > git status -z -uall [6ms]
2024-01-01 20:26:28.104 [info] No remotes found in the git config file.
2024-01-01 20:26:28.105 [info] > git config --get commit.template [5ms]
2024-01-01 20:26:28.105 [info] > git for-each-ref --format=%(refname)%00%(upstream:short)%00%(objectname)%00%(upstream:track)%00%(upstream:remotename)%00%(upstream:remoteref) refs/heads/master refs/remotes/master [1ms]
2024-01-01 20:26:28.138 [info] > git status -z -uall [30ms]
2024-01-01 20:26:33.169 [info] No remotes found in the git config file.
2024-01-01 20:26:33.169 [info] > git config --get commit.template [6ms]
2024-01-01 20:26:33.170 [info] > git for-each-ref --format=%(refname)%00%(upstream:short)%00%(objectname)%00%(upstream:track)%00%(upstream:remotename)%00%(upstream:remoteref) refs/heads/master refs/remotes/master [1ms]
2024-01-01 20:26:33.180 [info] > git status -z -uall [6ms]
2024-01-01 20:26:38.206 [info] No remotes found in the git config file.
2024-01-01 20:26:38.206 [info] > git config --get commit.template [6ms]
2024-01-01 20:26:38.206 [info] > git for-each-ref --format=%(refname)%00%(upstream:short)%00%(objectname)%00%(upstream:track)%00%(upstream:remotename)%00%(upstream:remoteref) refs/heads/master refs/remotes/master [1ms]
2024-01-01 20:26:38.217 [info] > git status -z -uall [6ms]
2024-01-01 20:26:43.244 [info] No remotes found in the git config file.
2024-01-01 20:26:43.245 [info] > git config --get commit.template [7ms]
2024-01-01 20:26:43.245 [info] > git for-each-ref --format=%(refname)%00%(upstream:short)%00%(objectname)%00%(upstream:track)%00%(upstream:remotename)%00%(upstream:remoteref) refs/heads/master refs/remotes/master [1ms]
2024-01-01 20:26:43.256 [info] > git status -z -uall [6ms]
2024-01-01 20:26:48.283 [info] No remotes found in the git config file.
2024-01-01 20:26:48.283 [info] > git config --get commit.template [6ms]
2024-01-01 20:26:48.284 [info] > git for-each-ref --format=%(refname)%00%(upstream:short)%00%(objectname)%00%(upstream:track)%00%(upstream:remotename)%00%(upstream:remoteref) refs/heads/master refs/remotes/master [1ms]
2024-01-01 20:26:48.294 [info] > git status -z -uall [6ms]
2024-01-01 20:26:53.321 [info] No remotes found in the git config file.
2024-01-01 20:26:53.322 [info] > git config --get commit.template [6ms]
2024-01-01 20:26:53.322 [info] > git for-each-ref --format=%(refname)%00%(upstream:short)%00%(objectname)%00%(upstream:track)%00%(upstream:remotename)%00%(upstream:remoteref) refs/heads/master refs/remotes/master [1ms]
2024-01-01 20:26:53.334 [info] > git status -z -uall [6ms]
2024-01-01 20:26:58.361 [info] No remotes found in the git config file.
2024-01-01 20:26:58.362 [info] > git config --get commit.template [5ms]
2024-01-01 20:26:58.362 [info] > git for-each-ref --format=%(refname)%00%(upstream:short)%00%(objectname)%00%(upstream:track)%00%(upstream:remotename)%00%(upstream:remoteref) refs/heads/master refs/remotes/master [1ms]
2024-01-01 20:26:58.372 [info] > git status -z -uall [6ms]
2024-01-01 20:27:03.394 [info] No remotes found in the git config file.
2024-01-01 20:27:03.400 [info] > git config --get commit.template [5ms]
2024-01-01 20:27:03.400 [info] > git for-each-ref --format=%(refname)%00%(upstream:short)%00%(objectname)%00%(upstream:track)%00%(upstream:remotename)%00%(upstream:remoteref) refs/heads/master refs/remotes/master [1ms]
2024-01-01 20:27:03.411 [info] > git status -z -uall [7ms]
2024-01-01 20:27:08.441 [info] No remotes found in the git config file.
2024-01-01 20:27:08.442 [info] > git config --get commit.template [6ms]
2024-01-01 20:27:08.442 [info] > git for-each-ref --format=%(refname)%00%(upstream:short)%00%(objectname)%00%(upstream:track)%00%(upstream:remotename)%00%(upstream:remoteref) refs/heads/master refs/remotes/master [1ms]
2024-01-01 20:27:08.452 [info] > git status -z -uall [6ms]
2024-01-01 20:27:13.479 [info] No remotes found in the git config file.
2024-01-01 20:27:13.479 [info] > git config --get commit.template [5ms]
2024-01-01 20:27:13.479 [info] > git for-each-ref --format=%(refname)%00%(upstream:short)%00%(objectname)%00%(upstream:track)%00%(upstream:remotename)%00%(upstream:remoteref) refs/heads/master refs/remotes/master [1ms]
2024-01-01 20:27:13.489 [info] > git status -z -uall [6ms]
2024-01-01 20:27:15.949 [info] > git ls-files --stage -- /home/max/dom15_BD.backup.sql [1ms]
2024-01-01 20:27:15.955 [info] > git cat-file -s da868cf5712c5a0f762307d33696897cd3d2bc62 [1ms]
2024-01-01 20:27:16.001 [info] > git show --textconv :dom15_BD.backup.sql [1ms]
2024-01-01 20:27:18.516 [info] No remotes found in the git config file.
2024-01-01 20:27:18.516 [info] > git config --get commit.template [5ms]
2024-01-01 20:27:18.517 [info] > git for-each-ref --format=%(refname)%00%(upstream:short)%00%(objectname)%00%(upstream:track)%00%(upstream:remotename)%00%(upstream:remoteref) refs/heads/master refs/remotes/master [1ms]
2024-01-01 20:27:18.527 [info] > git status -z -uall [6ms]
2024-01-01 20:27:23.554 [info] No remotes found in the git config file.
2024-01-01 20:27:23.555 [info] > git config --get commit.template [5ms]
2024-01-01 20:27:23.555 [info] > git for-each-ref --format=%(refname)%00%(upstream:short)%00%(objectname)%00%(upstream:track)%00%(upstream:remotename)%00%(upstream:remoteref) refs/heads/master refs/remotes/master [1ms]
2024-01-01 20:27:23.565 [info] > git status -z -uall [6ms]
2024-01-01 20:27:28.593 [info] No remotes found in the git config file.
2024-01-01 20:27:28.594 [info] > git config --get commit.template [6ms]
2024-01-01 20:27:28.594 [info] > git for-each-ref --format=%(refname)%00%(upstream:short)%00%(objectname)%00%(upstream:track)%00%(upstream:remotename)%00%(upstream:remoteref) refs/heads/master refs/remotes/master [1ms]
2024-01-01 20:27:28.604 [info] > git status -z -uall [6ms]
2024-01-01 20:27:33.633 [info] No remotes found in the git config file.
2024-01-01 20:27:33.634 [info] > git config --get commit.template [7ms]
2024-01-01 20:27:33.634 [info] > git for-each-ref --format=%(refname)%00%(upstream:short)%00%(objectname)%00%(upstream:track)%00%(upstream:remotename)%00%(upstream:remoteref) refs/heads/master refs/remotes/master [2ms]
2024-01-01 20:27:33.646 [info] > git status -z -uall [6ms]
2024-01-01 20:27:38.674 [info] No remotes found in the git config file.
2024-01-01 20:27:38.675 [info] > git config --get commit.template [6ms]
2024-01-01 20:27:38.676 [info] > git for-each-ref --format=%(refname)%00%(upstream:short)%00%(objectname)%00%(upstream:track)%00%(upstream:remotename)%00%(upstream:remoteref) refs/heads/master refs/remotes/master [2ms]
2024-01-01 20:27:38.686 [info] > git status -z -uall [6ms]
2024-01-01 20:28:52.400 [info] No remotes found in the git config file.
2024-01-01 20:28:52.400 [info] > git config --get commit.template [6ms]
2024-01-01 20:28:52.401 [info] > git for-each-ref --format=%(refname)%00%(upstream:short)%00%(objectname)%00%(upstream:track)%00%(upstream:remotename)%00%(upstream:remoteref) refs/heads/master refs/remotes/master [1ms]
2024-01-01 20:28:52.413 [info] > git status -z -uall [7ms]
2024-01-01 20:28:57.441 [info] No remotes found in the git config file.
2024-01-01 20:28:57.442 [info] > git config --get commit.template [5ms]
2024-01-01 20:28:57.442 [info] > git for-each-ref --format=%(refname)%00%(upstream:short)%00%(objectname)%00%(upstream:track)%00%(upstream:remotename)%00%(upstream:remoteref) refs/heads/master refs/remotes/master [1ms]
2024-01-01 20:28:57.452 [info] > git status -z -uall [6ms]
2024-01-01 20:29:02.478 [info] No remotes found in the git config file.
2024-01-01 20:29:02.479 [info] > git config --get commit.template [6ms]
2024-01-01 20:29:02.479 [info] > git for-each-ref --format=%(refname)%00%(upstream:short)%00%(objectname)%00%(upstream:track)%00%(upstream:remotename)%00%(upstream:remoteref) refs/heads/master refs/remotes/master [1ms]
2024-01-01 20:29:02.489 [info] > git status -z -uall [6ms]
2024-01-01 20:29:16.771 [info] No remotes found in the git config file.
2024-01-01 20:29:16.771 [info] > git config --get commit.template [5ms]
2024-01-01 20:29:16.772 [info] > git for-each-ref --format=%(refname)%00%(upstream:short)%00%(objectname)%00%(upstream:track)%00%(upstream:remotename)%00%(upstream:remoteref) refs/heads/master refs/remotes/master [2ms]
2024-01-01 20:29:16.782 [info] > git status -z -uall [6ms]
2024-01-01 20:29:24.597 [info] No remotes found in the git config file.
2024-01-01 20:29:24.597 [info] > git config --get commit.template [5ms]
2024-01-01 20:29:24.598 [info] > git for-each-ref --format=%(refname)%00%(upstream:short)%00%(objectname)%00%(upstream:track)%00%(upstream:remotename)%00%(upstream:remoteref) refs/heads/master refs/remotes/master [2ms]
2024-01-01 20:29:24.608 [info] > git status -z -uall [7ms]
2024-01-01 20:29:29.639 [info] > git config --get commit.template [4ms]
2024-01-01 20:29:29.639 [info] No remotes found in the git config file.
2024-01-01 20:29:29.639 [info] > git for-each-ref --format=%(refname)%00%(upstream:short)%00%(objectname)%00%(upstream:track)%00%(upstream:remotename)%00%(upstream:remoteref) refs/heads/master refs/remotes/master [1ms]
2024-01-01 20:29:29.649 [info] > git status -z -uall [6ms]
2024-01-01 20:29:35.229 [info] No remotes found in the git config file.
2024-01-01 20:29:35.230 [info] > git config --get commit.template [5ms]
2024-01-01 20:29:35.230 [info] > git for-each-ref --format=%(refname)%00%(upstream:short)%00%(objectname)%00%(upstream:track)%00%(upstream:remotename)%00%(upstream:remoteref) refs/heads/master refs/remotes/master [1ms]
2024-01-01 20:29:35.240 [info] > git status -z -uall [6ms]
2024-01-01 20:29:40.267 [info] No remotes found in the git config file.
2024-01-01 20:29:40.267 [info] > git config --get commit.template [5ms]
2024-01-01 20:29:40.268 [info] > git for-each-ref --format=%(refname)%00%(upstream:short)%00%(objectname)%00%(upstream:track)%00%(upstream:remotename)%00%(upstream:remoteref) refs/heads/master refs/remotes/master [1ms]
2024-01-01 20:29:40.278 [info] > git status -z -uall [6ms]
2024-01-01 20:29:45.306 [info] No remotes found in the git config file.
2024-01-01 20:29:45.307 [info] > git for-each-ref --format=%(refname)%00%(upstream:short)%00%(objectname)%00%(upstream:track)%00%(upstream:remotename)%00%(upstream:remoteref) refs/heads/master refs/remotes/master [1ms]
2024-01-01 20:29:45.307 [info] > git config --get commit.template [7ms]
2024-01-01 20:29:45.317 [info] > git status -z -uall [6ms]
2024-01-01 20:29:50.345 [info] No remotes found in the git config file.
2024-01-01 20:29:50.345 [info] > git config --get commit.template [6ms]
2024-01-01 20:29:50.345 [info] > git for-each-ref --format=%(refname)%00%(upstream:short)%00%(objectname)%00%(upstream:track)%00%(upstream:remotename)%00%(upstream:remoteref) refs/heads/master refs/remotes/master [1ms]
2024-01-01 20:29:50.357 [info] > git status -z -uall [7ms]
2024-01-01 20:29:55.382 [info] No remotes found in the git config file.
2024-01-01 20:29:55.383 [info] > git config --get commit.template [5ms]
2024-01-01 20:29:55.383 [info] > git for-each-ref --format=%(refname)%00%(upstream:short)%00%(objectname)%00%(upstream:track)%00%(upstream:remotename)%00%(upstream:remoteref) refs/heads/master refs/remotes/master [1ms]
2024-01-01 20:29:55.393 [info] > git status -z -uall [6ms]
2024-01-01 20:30:00.425 [info] No remotes found in the git config file.
2024-01-01 20:30:00.425 [info] > git config --get commit.template [6ms]
2024-01-01 20:30:00.425 [info] > git for-each-ref --format=%(refname)%00%(upstream:short)%00%(objectname)%00%(upstream:track)%00%(upstream:remotename)%00%(upstream:remoteref) refs/heads/master refs/remotes/master [1ms]
2024-01-01 20:30:00.436 [info] > git status -z -uall [6ms]
2024-01-01 20:30:05.460 [info] No remotes found in the git config file.
2024-01-01 20:30:05.465 [info] > git config --get commit.template [5ms]
2024-01-01 20:30:05.465 [info] > git for-each-ref --format=%(refname)%00%(upstream:short)%00%(objectname)%00%(upstream:track)%00%(upstream:remotename)%00%(upstream:remoteref) refs/heads/master refs/remotes/master [1ms]
2024-01-01 20:30:05.475 [info] > git status -z -uall [6ms]
2024-01-01 20:30:08.328 [info] > git ls-files --stage -- /home/max/dom15_BD.backup.sql [1ms]
2024-01-01 20:30:08.334 [info] > git cat-file -s da868cf5712c5a0f762307d33696897cd3d2bc62 [1ms]
2024-01-01 20:30:08.382 [info] > git show --textconv :dom15_BD.backup.sql [1ms]
2024-01-01 20:30:10.500 [info] No remotes found in the git config file.
2024-01-01 20:30:10.500 [info] > git config --get commit.template [5ms]
2024-01-01 20:30:10.500 [info] > git for-each-ref --format=%(refname)%00%(upstream:short)%00%(objectname)%00%(upstream:track)%00%(upstream:remotename)%00%(upstream:remoteref) refs/heads/master refs/remotes/master [1ms]
2024-01-01 20:30:10.510 [info] > git status -z -uall [6ms]
2024-01-01 20:30:15.536 [info] No remotes found in the git config file.
2024-01-01 20:30:15.537 [info] > git config --get commit.template [5ms]
2024-01-01 20:30:15.537 [info] > git for-each-ref --format=%(refname)%00%(upstream:short)%00%(objectname)%00%(upstream:track)%00%(upstream:remotename)%00%(upstream:remoteref) refs/heads/master refs/remotes/master [1ms]
2024-01-01 20:30:15.548 [info] > git status -z -uall [7ms]
2024-01-01 20:30:20.579 [info] No remotes found in the git config file.
2024-01-01 20:30:20.579 [info] > git config --get commit.template [8ms]
2024-01-01 20:30:20.580 [info] > git for-each-ref --format=%(refname)%00%(upstream:short)%00%(objectname)%00%(upstream:track)%00%(upstream:remotename)%00%(upstream:remoteref) refs/heads/master refs/remotes/master [2ms]
2024-01-01 20:30:20.591 [info] > git status -z -uall [7ms]
2024-01-01 20:30:25.617 [info] No remotes found in the git config file.
2024-01-01 20:30:25.618 [info] > git config --get commit.template [6ms]
2024-01-01 20:30:25.618 [info] > git for-each-ref --format=%(refname)%00%(upstream:short)%00%(objectname)%00%(upstream:track)%00%(upstream:remotename)%00%(upstream:remoteref) refs/heads/master refs/remotes/master [1ms]
2024-01-01 20:30:25.630 [info] > git status -z -uall [7ms]
2024-01-01 20:30:27.086 [info] > git ls-files --stage -- /home/max/dom15_BD.backup.sql [1ms]
2024-01-01 20:30:27.092 [info] > git cat-file -s da868cf5712c5a0f762307d33696897cd3d2bc62 [1ms]
2024-01-01 20:30:27.139 [info] > git show --textconv :dom15_BD.backup.sql [2ms]
2024-01-01 20:30:30.658 [info] No remotes found in the git config file.
2024-01-01 20:30:30.660 [info] > git config --get commit.template [6ms]
2024-01-01 20:30:30.660 [info] > git for-each-ref --format=%(refname)%00%(upstream:short)%00%(objectname)%00%(upstream:track)%00%(upstream:remotename)%00%(upstream:remoteref) refs/heads/master refs/remotes/master [2ms]
2024-01-01 20:30:30.671 [info] > git status -z -uall [7ms]
2024-01-01 20:30:35.699 [info] No remotes found in the git config file.
2024-01-01 20:30:35.700 [info] > git config --get commit.template [6ms]
2024-01-01 20:30:35.700 [info] > git for-each-ref --format=%(refname)%00%(upstream:short)%00%(objectname)%00%(upstream:track)%00%(upstream:remotename)%00%(upstream:remoteref) refs/heads/master refs/remotes/master [1ms]
2024-01-01 20:30:35.712 [info] > git status -z -uall [8ms]
2024-01-01 20:30:40.135 [info] > git ls-files --stage -- /home/max/dom15_BD.backup.sql [1ms]
2024-01-01 20:30:40.143 [info] > git cat-file -s da868cf5712c5a0f762307d33696897cd3d2bc62 [4ms]
2024-01-01 20:30:40.189 [info] > git show --textconv :dom15_BD.backup.sql [1ms]
2024-01-01 20:30:42.308 [info] No remotes found in the git config file.
2024-01-01 20:30:42.308 [info] > git config --get commit.template [7ms]
2024-01-01 20:30:42.309 [info] > git for-each-ref --format=%(refname)%00%(upstream:short)%00%(objectname)%00%(upstream:track)%00%(upstream:remotename)%00%(upstream:remoteref) refs/heads/master refs/remotes/master [2ms]
2024-01-01 20:30:42.319 [info] > git status -z -uall [6ms]
2024-01-01 20:30:47.341 [info] No remotes found in the git config file.
2024-01-01 20:30:47.342 [info] > git config --get commit.template [5ms]
2024-01-01 20:30:47.342 [info] > git for-each-ref --format=%(refname)%00%(upstream:short)%00%(objectname)%00%(upstream:track)%00%(upstream:remotename)%00%(upstream:remoteref) refs/heads/master refs/remotes/master [1ms]
2024-01-01 20:30:47.352 [info] > git status -z -uall [6ms]
2024-01-01 20:30:52.365 [info] No remotes found in the git config file.
2024-01-01 20:30:52.366 [info] > git config --get commit.template [6ms]
2024-01-01 20:30:52.366 [info] > git for-each-ref --format=%(refname)%00%(upstream:short)%00%(objectname)%00%(upstream:track)%00%(upstream:remotename)%00%(upstream:remoteref) refs/heads/master refs/remotes/master [1ms]
2024-01-01 20:30:52.377 [info] > git status -z -uall [6ms]
2024-01-01 20:30:57.389 [info] No remotes found in the git config file.
2024-01-01 20:30:57.390 [info] > git config --get commit.template [5ms]
2024-01-01 20:30:57.390 [info] > git for-each-ref --format=%(refname)%00%(upstream:short)%00%(objectname)%00%(upstream:track)%00%(upstream:remotename)%00%(upstream:remoteref) refs/heads/master refs/remotes/master [1ms]
2024-01-01 20:30:57.401 [info] > git status -z -uall [7ms]
2024-01-01 20:31:05.343 [info] No remotes found in the git config file.
2024-01-01 20:31:05.344 [info] > git config --get commit.template [6ms]
2024-01-01 20:31:05.344 [info] > git for-each-ref --format=%(refname)%00%(upstream:short)%00%(objectname)%00%(upstream:track)%00%(upstream:remotename)%00%(upstream:remoteref) refs/heads/master refs/remotes/master [1ms]
2024-01-01 20:31:05.354 [info] > git status -z -uall [6ms]
2024-01-01 20:31:10.367 [info] No remotes found in the git config file.
2024-01-01 20:31:10.368 [info] > git config --get commit.template [6ms]
2024-01-01 20:31:10.368 [info] > git for-each-ref --format=%(refname)%00%(upstream:short)%00%(objectname)%00%(upstream:track)%00%(upstream:remotename)%00%(upstream:remoteref) refs/heads/master refs/remotes/master [1ms]
2024-01-01 20:31:10.379 [info] > git status -z -uall [6ms]
2024-01-01 20:31:15.393 [info] No remotes found in the git config file.
2024-01-01 20:31:15.393 [info] > git config --get commit.template [6ms]
2024-01-01 20:31:15.393 [info] > git for-each-ref --format=%(refname)%00%(upstream:short)%00%(objectname)%00%(upstream:track)%00%(upstream:remotename)%00%(upstream:remoteref) refs/heads/master refs/remotes/master [1ms]
2024-01-01 20:31:15.404 [info] > git status -z -uall [7ms]
2024-01-01 20:31:20.416 [info] No remotes found in the git config file.
2024-01-01 20:31:20.416 [info] > git config --get commit.template [5ms]
2024-01-01 20:31:20.417 [info] > git for-each-ref --format=%(refname)%00%(upstream:short)%00%(objectname)%00%(upstream:track)%00%(upstream:remotename)%00%(upstream:remoteref) refs/heads/master refs/remotes/master [1ms]
2024-01-01 20:31:20.426 [info] > git status -z -uall [6ms]
2024-01-01 20:31:25.435 [info] > git config --get commit.template [1ms]
2024-01-01 20:31:25.441 [info] No remotes found in the git config file.
2024-01-01 20:31:25.442 [info] > git for-each-ref --format=%(refname)%00%(upstream:short)%00%(objectname)%00%(upstream:track)%00%(upstream:remotename)%00%(upstream:remoteref) refs/heads/master refs/remotes/master [1ms]
2024-01-01 20:31:25.452 [info] > git status -z -uall [6ms]
2024-01-01 20:31:30.465 [info] No remotes found in the git config file.
2024-01-01 20:31:30.465 [info] > git config --get commit.template [5ms]
2024-01-01 20:31:30.466 [info] > git for-each-ref --format=%(refname)%00%(upstream:short)%00%(objectname)%00%(upstream:track)%00%(upstream:remotename)%00%(upstream:remoteref) refs/heads/master refs/remotes/master [1ms]
2024-01-01 20:31:30.475 [info] > git status -z -uall [6ms]
2024-01-01 20:31:35.489 [info] No remotes found in the git config file.
2024-01-01 20:31:35.489 [info] > git config --get commit.template [5ms]
2024-01-01 20:31:35.489 [info] > git for-each-ref --format=%(refname)%00%(upstream:short)%00%(objectname)%00%(upstream:track)%00%(upstream:remotename)%00%(upstream:remoteref) refs/heads/master refs/remotes/master [1ms]
2024-01-01 20:31:35.500 [info] > git status -z -uall [6ms]
2024-01-01 20:31:40.514 [info] No remotes found in the git config file.
2024-01-01 20:31:40.514 [info] > git config --get commit.template [6ms]
2024-01-01 20:31:40.514 [info] > git for-each-ref --format=%(refname)%00%(upstream:short)%00%(objectname)%00%(upstream:track)%00%(upstream:remotename)%00%(upstream:remoteref) refs/heads/master refs/remotes/master [1ms]
2024-01-01 20:31:40.525 [info] > git status -z -uall [7ms]
2024-01-01 20:31:45.539 [info] No remotes found in the git config file.
2024-01-01 20:31:45.540 [info] > git config --get commit.template [6ms]
2024-01-01 20:31:45.540 [info] > git for-each-ref --format=%(refname)%00%(upstream:short)%00%(objectname)%00%(upstream:track)%00%(upstream:remotename)%00%(upstream:remoteref) refs/heads/master refs/remotes/master [1ms]
2024-01-01 20:31:45.551 [info] > git status -z -uall [7ms]
2024-01-01 20:31:50.563 [info] No remotes found in the git config file.
2024-01-01 20:31:50.564 [info] > git config --get commit.template [6ms]
2024-01-01 20:31:50.564 [info] > git for-each-ref --format=%(refname)%00%(upstream:short)%00%(objectname)%00%(upstream:track)%00%(upstream:remotename)%00%(upstream:remoteref) refs/heads/master refs/remotes/master [1ms]
2024-01-01 20:31:50.574 [info] > git status -z -uall [6ms]
2024-01-01 20:31:55.587 [info] No remotes found in the git config file.
2024-01-01 20:31:55.588 [info] > git config --get commit.template [5ms]
2024-01-01 20:31:55.588 [info] > git for-each-ref --format=%(refname)%00%(upstream:short)%00%(objectname)%00%(upstream:track)%00%(upstream:remotename)%00%(upstream:remoteref) refs/heads/master refs/remotes/master [1ms]
2024-01-01 20:31:55.600 [info] > git status -z -uall [8ms]
2024-01-01 20:32:00.610 [info] > git config --get commit.template [1ms]
2024-01-01 20:32:00.616 [info] No remotes found in the git config file.
2024-01-01 20:32:00.617 [info] > git for-each-ref --format=%(refname)%00%(upstream:short)%00%(objectname)%00%(upstream:track)%00%(upstream:remotename)%00%(upstream:remoteref) refs/heads/master refs/remotes/master [1ms]
2024-01-01 20:32:00.629 [info] > git status -z -uall [6ms]
2024-01-01 20:32:34.925 [info] No remotes found in the git config file.
2024-01-01 20:32:34.926 [info] > git config --get commit.template [4ms]
2024-01-01 20:32:34.926 [info] > git for-each-ref --format=%(refname)%00%(upstream:short)%00%(objectname)%00%(upstream:track)%00%(upstream:remotename)%00%(upstream:remoteref) refs/heads/master refs/remotes/master [1ms]
2024-01-01 20:32:34.935 [info] > git status -z -uall [6ms]
2024-01-01 20:32:39.946 [info] No remotes found in the git config file.
2024-01-01 20:32:39.949 [info] > git config --get commit.template [5ms]
2024-01-01 20:32:39.949 [info] > git for-each-ref --format=%(refname)%00%(upstream:short)%00%(objectname)%00%(upstream:track)%00%(upstream:remotename)%00%(upstream:remoteref) refs/heads/master refs/remotes/master [3ms]
2024-01-01 20:32:39.959 [info] > git status -z -uall [6ms]
2024-01-01 20:32:44.971 [info] No remotes found in the git config file.
2024-01-01 20:32:44.972 [info] > git config --get commit.template [4ms]
2024-01-01 20:32:44.972 [info] > git for-each-ref --format=%(refname)%00%(upstream:short)%00%(objectname)%00%(upstream:track)%00%(upstream:remotename)%00%(upstream:remoteref) refs/heads/master refs/remotes/master [1ms]
2024-01-01 20:32:44.981 [info] > git status -z -uall [6ms]
2024-01-01 20:32:49.608 [info] > git ls-files --stage -- /home/max/dom15_BD.backup.sql [1ms]
2024-01-01 20:32:49.613 [info] > git cat-file -s da868cf5712c5a0f762307d33696897cd3d2bc62 [1ms]
2024-01-01 20:32:49.659 [info] > git show --textconv :dom15_BD.backup.sql [2ms]
2024-01-01 20:32:49.992 [info] No remotes found in the git config file.
2024-01-01 20:32:49.993 [info] > git config --get commit.template [5ms]
2024-01-01 20:32:49.993 [info] > git for-each-ref --format=%(refname)%00%(upstream:short)%00%(objectname)%00%(upstream:track)%00%(upstream:remotename)%00%(upstream:remoteref) refs/heads/master refs/remotes/master [1ms]
2024-01-01 20:32:50.002 [info] > git status -z -uall [6ms]
2024-01-01 20:32:55.014 [info] No remotes found in the git config file.
2024-01-01 20:32:55.015 [info] > git config --get commit.template [5ms]
2024-01-01 20:32:55.015 [info] > git for-each-ref --format=%(refname)%00%(upstream:short)%00%(objectname)%00%(upstream:track)%00%(upstream:remotename)%00%(upstream:remoteref) refs/heads/master refs/remotes/master [1ms]
2024-01-01 20:32:55.025 [info] > git status -z -uall [5ms]
2024-01-01 20:33:13.970 [info] No remotes found in the git config file.
2024-01-01 20:33:13.971 [info] > git config --get commit.template [5ms]
2024-01-01 20:33:13.971 [info] > git for-each-ref --format=%(refname)%00%(upstream:short)%00%(objectname)%00%(upstream:track)%00%(upstream:remotename)%00%(upstream:remoteref) refs/heads/master refs/remotes/master [1ms]
2024-01-01 20:33:13.981 [info] > git status -z -uall [6ms]
2024-01-01 20:33:18.989 [info] No remotes found in the git config file.
2024-01-01 20:33:18.994 [info] > git config --get commit.template [5ms]
2024-01-01 20:33:18.994 [info] > git for-each-ref --format=%(refname)%00%(upstream:short)%00%(objectname)%00%(upstream:track)%00%(upstream:remotename)%00%(upstream:remoteref) refs/heads/master refs/remotes/master [1ms]
2024-01-01 20:33:19.004 [info] > git status -z -uall [6ms]
2024-01-01 20:33:24.016 [info] No remotes found in the git config file.
2024-01-01 20:33:24.017 [info] > git config --get commit.template [5ms]
2024-01-01 20:33:24.017 [info] > git for-each-ref --format=%(refname)%00%(upstream:short)%00%(objectname)%00%(upstream:track)%00%(upstream:remotename)%00%(upstream:remoteref) refs/heads/master refs/remotes/master [1ms]
2024-01-01 20:33:24.026 [info] > git status -z -uall [5ms]
2024-01-01 20:33:27.635 [info] > git ls-files --stage -- /home/max/dom15_BD.backup.sql [1ms]
2024-01-01 20:33:27.639 [info] > git cat-file -s da868cf5712c5a0f762307d33696897cd3d2bc62 [0ms]
2024-01-01 20:33:27.686 [info] > git show --textconv :dom15_BD.backup.sql [2ms]
2024-01-01 20:33:31.400 [info] No remotes found in the git config file.
2024-01-01 20:33:31.401 [info] > git config --get commit.template [5ms]
2024-01-01 20:33:31.401 [info] > git for-each-ref --format=%(refname)%00%(upstream:short)%00%(objectname)%00%(upstream:track)%00%(upstream:remotename)%00%(upstream:remoteref) refs/heads/master refs/remotes/master [1ms]
2024-01-01 20:33:31.410 [info] > git status -z -uall [6ms]
2024-01-01 20:33:36.422 [info] No remotes found in the git config file.
2024-01-01 20:33:36.423 [info] > git for-each-ref --format=%(refname)%00%(upstream:short)%00%(objectname)%00%(upstream:track)%00%(upstream:remotename)%00%(upstream:remoteref) refs/heads/master refs/remotes/master [2ms]
2024-01-01 20:33:36.423 [info] > git config --get commit.template [6ms]
2024-01-01 20:33:36.432 [info] > git status -z -uall [6ms]
2024-01-01 20:33:58.271 [info] No remotes found in the git config file.
2024-01-01 20:33:58.271 [info] > git config --get commit.template [4ms]
2024-01-01 20:33:58.272 [info] > git for-each-ref --format=%(refname)%00%(upstream:short)%00%(objectname)%00%(upstream:track)%00%(upstream:remotename)%00%(upstream:remoteref) refs/heads/master refs/remotes/master [1ms]
2024-01-01 20:33:58.283 [info] > git status -z -uall [8ms]
2024-01-01 20:34:03.297 [info] No remotes found in the git config file.
2024-01-01 20:34:03.299 [info] > git config --get commit.template [7ms]
2024-01-01 20:34:03.299 [info] > git for-each-ref --format=%(refname)%00%(upstream:short)%00%(objectname)%00%(upstream:track)%00%(upstream:remotename)%00%(upstream:remoteref) refs/heads/master refs/remotes/master [2ms]
2024-01-01 20:34:03.309 [info] > git status -z -uall [6ms]
2024-01-01 20:34:08.318 [info] > git config --get commit.template [1ms]
2024-01-01 20:34:08.322 [info] No remotes found in the git config file.
2024-01-01 20:34:08.323 [info] > git for-each-ref --format=%(refname)%00%(upstream:short)%00%(objectname)%00%(upstream:track)%00%(upstream:remotename)%00%(upstream:remoteref) refs/heads/master refs/remotes/master [1ms]
2024-01-01 20:34:08.332 [info] > git status -z -uall [6ms]
2024-01-01 20:34:13.347 [info] No remotes found in the git config file.
2024-01-01 20:34:13.347 [info] > git config --get commit.template [6ms]
2024-01-01 20:34:13.348 [info] > git for-each-ref --format=%(refname)%00%(upstream:short)%00%(objectname)%00%(upstream:track)%00%(upstream:remotename)%00%(upstream:remoteref) refs/heads/master refs/remotes/master [1ms]
2024-01-01 20:34:13.357 [info] > git status -z -uall [6ms]
2024-01-01 20:34:18.371 [info] No remotes found in the git config file.
2024-01-01 20:34:18.371 [info] > git config --get commit.template [5ms]
2024-01-01 20:34:18.371 [info] > git for-each-ref --format=%(refname)%00%(upstream:short)%00%(objectname)%00%(upstream:track)%00%(upstream:remotename)%00%(upstream:remoteref) refs/heads/master refs/remotes/master [1ms]
2024-01-01 20:34:18.382 [info] > git status -z -uall [6ms]
2024-01-01 20:34:23.395 [info] No remotes found in the git config file.
2024-01-01 20:34:23.396 [info] > git config --get commit.template [6ms]
2024-01-01 20:34:23.397 [info] > git for-each-ref --format=%(refname)%00%(upstream:short)%00%(objectname)%00%(upstream:track)%00%(upstream:remotename)%00%(upstream:remoteref) refs/heads/master refs/remotes/master [1ms]
2024-01-01 20:34:23.406 [info] > git status -z -uall [6ms]
2024-01-01 20:34:28.419 [info] No remotes found in the git config file.
2024-01-01 20:34:28.420 [info] > git config --get commit.template [5ms]
2024-01-01 20:34:28.420 [info] > git for-each-ref --format=%(refname)%00%(upstream:short)%00%(objectname)%00%(upstream:track)%00%(upstream:remotename)%00%(upstream:remoteref) refs/heads/master refs/remotes/master [1ms]
2024-01-01 20:34:28.429 [info] > git status -z -uall [6ms]
2024-01-01 20:34:33.442 [info] No remotes found in the git config file.
2024-01-01 20:34:33.442 [info] > git config --get commit.template [5ms]
2024-01-01 20:34:33.442 [info] > git for-each-ref --format=%(refname)%00%(upstream:short)%00%(objectname)%00%(upstream:track)%00%(upstream:remotename)%00%(upstream:remoteref) refs/heads/master refs/remotes/master [1ms]
2024-01-01 20:34:33.452 [info] > git status -z -uall [5ms]
2024-01-01 20:34:38.463 [info] No remotes found in the git config file.
2024-01-01 20:34:38.464 [info] > git config --get commit.template [5ms]
2024-01-01 20:34:38.464 [info] > git for-each-ref --format=%(refname)%00%(upstream:short)%00%(objectname)%00%(upstream:track)%00%(upstream:remotename)%00%(upstream:remoteref) refs/heads/master refs/remotes/master [1ms]
2024-01-01 20:34:38.474 [info] > git status -z -uall [6ms]
2024-01-01 20:34:43.486 [info] No remotes found in the git config file.
2024-01-01 20:34:43.487 [info] > git config --get commit.template [5ms]
2024-01-01 20:34:43.487 [info] > git for-each-ref --format=%(refname)%00%(upstream:short)%00%(objectname)%00%(upstream:track)%00%(upstream:remotename)%00%(upstream:remoteref) refs/heads/master refs/remotes/master [1ms]
2024-01-01 20:34:43.498 [info] > git status -z -uall [7ms]
2024-01-01 20:34:48.270 [info] > git ls-files --stage -- /home/max/dom15_BD.backup.sql [1ms]
2024-01-01 20:34:48.275 [info] > git cat-file -s da868cf5712c5a0f762307d33696897cd3d2bc62 [1ms]
2024-01-01 20:34:48.328 [info] > git show --textconv :dom15_BD.backup.sql [1ms]
2024-01-01 20:34:48.510 [info] No remotes found in the git config file.
2024-01-01 20:34:48.511 [info] > git config --get commit.template [5ms]
2024-01-01 20:34:48.511 [info] > git for-each-ref --format=%(refname)%00%(upstream:short)%00%(objectname)%00%(upstream:track)%00%(upstream:remotename)%00%(upstream:remoteref) refs/heads/master refs/remotes/master [1ms]
2024-01-01 20:34:48.521 [info] > git status -z -uall [6ms]
2024-01-01 20:34:53.533 [info] No remotes found in the git config file.
2024-01-01 20:34:53.533 [info] > git config --get commit.template [5ms]
2024-01-01 20:34:53.534 [info] > git for-each-ref --format=%(refname)%00%(upstream:short)%00%(objectname)%00%(upstream:track)%00%(upstream:remotename)%00%(upstream:remoteref) refs/heads/master refs/remotes/master [2ms]
2024-01-01 20:34:53.544 [info] > git status -z -uall [6ms]
2024-01-01 20:34:58.556 [info] No remotes found in the git config file.
2024-01-01 20:34:58.557 [info] > git config --get commit.template [5ms]
2024-01-01 20:34:58.557 [info] > git for-each-ref --format=%(refname)%00%(upstream:short)%00%(objectname)%00%(upstream:track)%00%(upstream:remotename)%00%(upstream:remoteref) refs/heads/master refs/remotes/master [1ms]
2024-01-01 20:34:58.567 [info] > git status -z -uall [6ms]
2024-01-01 20:35:42.167 [info] > git config --get commit.template [1ms]
2024-01-01 20:35:42.172 [info] No remotes found in the git config file.
2024-01-01 20:35:42.173 [info] > git for-each-ref --format=%(refname)%00%(upstream:short)%00%(objectname)%00%(upstream:track)%00%(upstream:remotename)%00%(upstream:remoteref) refs/heads/master refs/remotes/master [0ms]
2024-01-01 20:35:42.183 [info] > git status -z -uall [6ms]
2024-01-01 20:35:47.193 [info] > git config --get commit.template [1ms]
2024-01-01 20:35:47.198 [info] No remotes found in the git config file.
2024-01-01 20:35:47.199 [info] > git for-each-ref --format=%(refname)%00%(upstream:short)%00%(objectname)%00%(upstream:track)%00%(upstream:remotename)%00%(upstream:remoteref) refs/heads/master refs/remotes/master [1ms]
2024-01-01 20:35:47.208 [info] > git status -z -uall [5ms]
2024-01-01 20:37:48.412 [info] No remotes found in the git config file.
2024-01-01 20:37:48.412 [info] > git config --get commit.template [5ms]
2024-01-01 20:37:48.413 [info] > git for-each-ref --format=%(refname)%00%(upstream:short)%00%(objectname)%00%(upstream:track)%00%(upstream:remotename)%00%(upstream:remoteref) refs/heads/master refs/remotes/master [1ms]
2024-01-01 20:37:48.423 [info] > git status -z -uall [6ms]
2024-01-01 20:37:50.186 [info] > git ls-files --stage -- /home/max/dom15_BD.backup.sql [1ms]
2024-01-01 20:37:50.191 [info] > git cat-file -s da868cf5712c5a0f762307d33696897cd3d2bc62 [1ms]
2024-01-01 20:37:50.239 [info] > git show --textconv :dom15_BD.backup.sql [1ms]
2024-01-01 20:37:53.435 [info] No remotes found in the git config file.
2024-01-01 20:37:53.436 [info] > git config --get commit.template [6ms]
2024-01-01 20:37:53.436 [info] > git for-each-ref --format=%(refname)%00%(upstream:short)%00%(objectname)%00%(upstream:track)%00%(upstream:remotename)%00%(upstream:remoteref) refs/heads/master refs/remotes/master [1ms]
2024-01-01 20:37:53.446 [info] > git status -z -uall [6ms]
2024-01-01 20:38:05.840 [info] No remotes found in the git config file.
2024-01-01 20:38:05.840 [info] > git config --get commit.template [4ms]
2024-01-01 20:38:05.841 [info] > git for-each-ref --format=%(refname)%00%(upstream:short)%00%(objectname)%00%(upstream:track)%00%(upstream:remotename)%00%(upstream:remoteref) refs/heads/master refs/remotes/master [0ms]
2024-01-01 20:38:05.849 [info] > git status -z -uall [5ms]
2024-01-01 20:38:10.862 [info] No remotes found in the git config file.
2024-01-01 20:38:10.863 [info] > git config --get commit.template [5ms]
2024-01-01 20:38:10.863 [info] > git for-each-ref --format=%(refname)%00%(upstream:short)%00%(objectname)%00%(upstream:track)%00%(upstream:remotename)%00%(upstream:remoteref) refs/heads/master refs/remotes/master [1ms]
2024-01-01 20:38:10.873 [info] > git status -z -uall [6ms]
2024-01-01 20:38:15.885 [info] No remotes found in the git config file.
2024-01-01 20:38:15.886 [info] > git config --get commit.template [5ms]
2024-01-01 20:38:15.886 [info] > git for-each-ref --format=%(refname)%00%(upstream:short)%00%(objectname)%00%(upstream:track)%00%(upstream:remotename)%00%(upstream:remoteref) refs/heads/master refs/remotes/master [1ms]
2024-01-01 20:38:15.896 [info] > git status -z -uall [5ms]
2024-01-01 20:38:20.908 [info] No remotes found in the git config file.
2024-01-01 20:38:20.909 [info] > git for-each-ref --format=%(refname)%00%(upstream:short)%00%(objectname)%00%(upstream:track)%00%(upstream:remotename)%00%(upstream:remoteref) refs/heads/master refs/remotes/master [1ms]
2024-01-01 20:38:20.909 [info] > git config --get commit.template [6ms]
2024-01-01 20:38:20.919 [info] > git status -z -uall [6ms]
2024-01-01 20:38:25.931 [info] No remotes found in the git config file.
2024-01-01 20:38:25.932 [info] > git config --get commit.template [5ms]
2024-01-01 20:38:25.932 [info] > git for-each-ref --format=%(refname)%00%(upstream:short)%00%(objectname)%00%(upstream:track)%00%(upstream:remotename)%00%(upstream:remoteref) refs/heads/master refs/remotes/master [1ms]
2024-01-01 20:38:25.942 [info] > git status -z -uall [6ms]
2024-01-01 20:38:30.953 [info] No remotes found in the git config file.
2024-01-01 20:38:30.954 [info] > git config --get commit.template [5ms]
2024-01-01 20:38:30.954 [info] > git for-each-ref --format=%(refname)%00%(upstream:short)%00%(objectname)%00%(upstream:track)%00%(upstream:remotename)%00%(upstream:remoteref) refs/heads/master refs/remotes/master [1ms]
2024-01-01 20:38:30.963 [info] > git status -z -uall [6ms]
2024-01-01 20:38:35.975 [info] No remotes found in the git config file.
2024-01-01 20:38:35.975 [info] > git config --get commit.template [5ms]
2024-01-01 20:38:35.976 [info] > git for-each-ref --format=%(refname)%00%(upstream:short)%00%(objectname)%00%(upstream:track)%00%(upstream:remotename)%00%(upstream:remoteref) refs/heads/master refs/remotes/master [1ms]
2024-01-01 20:38:35.986 [info] > git status -z -uall [6ms]
2024-01-01 20:38:40.998 [info] No remotes found in the git config file.
2024-01-01 20:38:40.998 [info] > git config --get commit.template [5ms]
2024-01-01 20:38:40.999 [info] > git for-each-ref --format=%(refname)%00%(upstream:short)%00%(objectname)%00%(upstream:track)%00%(upstream:remotename)%00%(upstream:remoteref) refs/heads/master refs/remotes/master [1ms]
2024-01-01 20:38:41.008 [info] > git status -z -uall [6ms]
2024-01-01 20:38:46.020 [info] No remotes found in the git config file.
2024-01-01 20:38:46.020 [info] > git config --get commit.template [4ms]
2024-01-01 20:38:46.021 [info] > git for-each-ref --format=%(refname)%00%(upstream:short)%00%(objectname)%00%(upstream:track)%00%(upstream:remotename)%00%(upstream:remoteref) refs/heads/master refs/remotes/master [1ms]
2024-01-01 20:38:46.029 [info] > git status -z -uall [5ms]
2024-01-01 20:38:51.042 [info] No remotes found in the git config file.
2024-01-01 20:38:51.043 [info] > git config --get commit.template [5ms]
2024-01-01 20:38:51.043 [info] > git for-each-ref --format=%(refname)%00%(upstream:short)%00%(objectname)%00%(upstream:track)%00%(upstream:remotename)%00%(upstream:remoteref) refs/heads/master refs/remotes/master [1ms]
2024-01-01 20:38:51.053 [info] > git status -z -uall [6ms]
2024-01-01 20:38:56.065 [info] No remotes found in the git config file.
2024-01-01 20:38:56.065 [info] > git config --get commit.template [5ms]
2024-01-01 20:38:56.066 [info] > git for-each-ref --format=%(refname)%00%(upstream:short)%00%(objectname)%00%(upstream:track)%00%(upstream:remotename)%00%(upstream:remoteref) refs/heads/master refs/remotes/master [1ms]
2024-01-01 20:38:56.075 [info] > git status -z -uall [6ms]
